--- Startup times for process: Primary (or UI client) ---

times in msec
 clock   self+sourced   self:  sourced script
 clock   elapsed:              other lines

000.001  000.001: --- NVIM STARTING ---
000.187  000.187: event init
000.308  000.120: early init
000.387  000.079: locale set
000.449  000.062: init first window
001.173  000.724: inits 1
001.193  000.020: window checked
001.199  000.006: parsing arguments
002.856  000.884  000.884: require('vim.shared')
004.327  000.384  000.384: require('vim.inspect')
004.956  000.609  000.609: require('vim._options')
004.961  002.097  001.105: require('vim._editor')
004.964  003.192  000.210: require('vim._init_packages')
004.967  000.577: init lua interpreter
005.032  000.065: expanding arguments
005.058  000.026: inits 2
005.494  000.436: init highlight
005.509  000.015: clear screen
006.557  000.074  000.074: require('vim.keymap')
007.833  000.234  000.234: sourcing nvim_exec2()
008.053  002.539  002.231: require('vim._defaults')
008.057  000.009: init default mappings & autocommands
008.689  000.071  000.071: sourcing /usr/share/nvim/runtime/ftplugin.vim
008.778  000.044  000.044: sourcing /usr/share/nvim/runtime/indent.vim
009.266  000.329  000.329: require('config.options')
010.223  000.674  000.674: require('lazy')
010.283  000.039  000.039: require('ffi')
011.352  000.584  000.584: require('vim.fs')
011.571  000.212  000.212: require('vim.uri')
011.631  001.341  000.545: require('vim.loader')
011.891  000.173  000.173: require('lazy.stats')
012.077  000.138  000.138: require('lazy.core.util')
012.237  000.156  000.156: require('lazy.core.config')
012.480  000.095  000.095: require('lazy.core.handler')
012.908  000.153  000.153: require('lazy.pkg')
012.915  000.303  000.149: require('lazy.core.meta')
012.934  000.448  000.146: require('lazy.core.plugin')
012.943  000.702  000.158: require('lazy.core.loader')
013.691  000.137  000.137: require('lazy.async')
014.144  000.272  000.272: require('lazy.manage.process')
014.377  000.228  000.228: require('lazy.terminal')
014.388  000.692  000.191: require('lazy.manage.task')
014.394  000.940  000.111: require('lazy.manage.runner')
014.411  001.091  000.151: require('lazy.manage')
014.417  001.192  000.102: require('lazy.view.commands')
014.653  000.199  000.199: require('lazy.core.fragments')
017.981  000.083  000.083: require('lazy.core.handler.cmd')
018.151  000.106  000.106: require('lazy.core.handler.event')
018.157  000.166  000.061: require('lazy.core.handler.ft')
018.248  000.087  000.087: require('lazy.core.handler.keys')
019.012  000.190  000.190: sourcing nvim_exec2() called at /usr/share/nvim/runtime/filetype.lua:0
019.020  000.292  000.101: sourcing /usr/share/nvim/runtime/filetype.lua
019.026  000.344  000.052: sourcing nvim_exec2() called at /home/ronin/.config/nvim/init.lua:0
019.301  000.006  000.006: sourcing nvim_exec2() called at /home/ronin/.config/nvim/init.lua:0
019.323  000.003  000.003: sourcing nvim_exec2() called at /home/ronin/.config/nvim/init.lua:0
019.954  000.620  000.620: require('catppuccin')
020.351  000.125  000.125: require('catppuccin.lib.hashing')
024.114  002.949  002.949: sourcing /home/ronin/.local/share/nvim/lazy/catppuccin/colors/catppuccin.vim
024.694  000.011  000.011: sourcing nvim_exec2() called at /home/ronin/.config/nvim/init.lua:0
024.713  000.003  000.003: sourcing nvim_exec2() called at /home/ronin/.config/nvim/init.lua:0
025.172  000.100  000.100: require('vim.lsp.log')
025.683  000.505  000.505: require('vim.lsp.protocol')
025.916  000.226  000.226: require('vim.lsp.util')
026.060  000.054  000.054: require('vim.lsp.sync')
026.067  000.132  000.078: require('vim.lsp._changetracking')
026.208  000.064  000.064: require('vim.lsp._transport')
026.228  000.157  000.093: require('vim.lsp.rpc')
026.301  001.407  000.287: require('vim.lsp')
027.051  000.745  000.745: require('blink.cmp')
027.334  000.115  000.115: require('blink.cmp.lib.async')
027.488  000.071  000.071: require('blink.cmp.config.utils')
027.557  000.064  000.064: require('blink.cmp.config.keymap')
027.733  000.058  000.058: require('blink.cmp.config.completion.keyword')
027.800  000.063  000.063: require('blink.cmp.config.completion.trigger')
027.862  000.059  000.059: require('blink.cmp.config.completion.list')
027.943  000.077  000.077: require('blink.cmp.config.completion.accept')
028.054  000.107  000.107: require('blink.cmp.config.completion.menu')
028.131  000.074  000.074: require('blink.cmp.config.completion.documentation')
028.193  000.058  000.058: require('blink.cmp.config.completion.ghost_text')
028.198  000.637  000.141: require('blink.cmp.config.completion')
028.271  000.071  000.071: require('blink.cmp.config.fuzzy')
028.354  000.080  000.080: require('blink.cmp.config.sources')
028.472  000.115  000.115: require('blink.cmp.config.signature')
028.615  000.139  000.139: require('blink.cmp.config.snippets')
028.733  000.114  000.114: require('blink.cmp.config.appearance')
028.834  000.097  000.097: require('blink.cmp.config.modes.cmdline')
028.971  000.133  000.133: require('blink.cmp.config.modes.term')
028.977  001.638  000.118: require('blink.cmp.config')
029.055  000.074  000.074: require('blink.cmp.lib.event_emitter')
029.071  002.014  000.188: require('blink.cmp.sources.lib')
029.096  004.281  000.114: sourcing /home/ronin/.local/share/nvim/lazy/blink.cmp/plugin/blink-cmp.lua
029.112  004.335  000.053: sourcing nvim_exec2() called at /home/ronin/.config/nvim/init.lua:0
029.145  000.014  000.014: sourcing nvim_exec2() called at /home/ronin/.config/nvim/init.lua:0
029.166  000.003  000.003: sourcing nvim_exec2() called at /home/ronin/.config/nvim/init.lua:0
029.269  000.071  000.071: require('blink-cmp')
030.806  000.129  000.129: require('blink.cmp.config.modes.types')
031.843  000.159  000.159: require('blink.cmp.lib.utils')
031.974  000.126  000.126: require('blink.cmp.fuzzy.download.system')
032.013  000.490  000.206: require('blink.cmp.fuzzy.download.files')
032.018  000.627  000.137: require('blink.cmp.fuzzy.download.git')
032.023  000.768  000.140: require('blink.cmp.fuzzy.download')
032.351  000.203  000.203: require('vim._system')
038.139  000.032  000.032: sourcing nvim_exec2() called at /home/ronin/.config/nvim/init.lua:0
038.171  000.003  000.003: sourcing nvim_exec2() called at /home/ronin/.config/nvim/init.lua:0
039.912  000.630  000.630: require('lazydev')
040.280  000.340  000.340: require('lazydev.config')
040.628  000.233  000.233: require('lazydev.util')
040.880  000.013  000.013: sourcing nvim_exec2() called at /home/ronin/.config/nvim/init.lua:0
040.918  000.003  000.003: sourcing nvim_exec2() called at /home/ronin/.config/nvim/init.lua:0
041.645  000.089  000.089: require('mason-core.path')
041.834  000.043  000.043: require('mason-core.functional.data')
041.906  000.067  000.067: require('mason-core.functional.function')
042.004  000.089  000.089: require('mason-core.functional.list')
042.067  000.051  000.051: require('mason-core.functional.relation')
042.137  000.065  000.065: require('mason-core.functional.logic')
042.195  000.054  000.054: require('mason-core.functional.number')
042.329  000.061  000.061: require('mason-core.functional.string')
042.387  000.050  000.050: require('mason-core.functional.table')
042.439  000.046  000.046: require('mason-core.functional.type')
042.444  000.718  000.192: require('mason-core.functional')
042.499  000.848  000.130: require('mason-core.platform')
042.590  000.088  000.088: require('mason.settings')
042.598  001.185  000.159: require('mason-core.installer.InstallLocation')
042.798  000.093  000.093: require('mason-core.log')
042.804  000.142  000.050: require('mason-core.EventEmitter')
042.874  000.068  000.068: require('mason-registry.sources')
042.881  000.281  000.071: require('mason-registry')
042.884  001.951  000.485: require('mason')
043.497  000.146  000.146: require('mason.api.command')
043.600  000.013  000.013: sourcing nvim_exec2() called at /home/ronin/.config/nvim/init.lua:0
043.616  000.003  000.003: sourcing nvim_exec2() called at /home/ronin/.config/nvim/init.lua:0
043.972  000.202  000.202: require('lspconfig.util')
044.003  000.308  000.106: sourcing /home/ronin/.local/share/nvim/lazy/nvim-lspconfig/plugin/lspconfig.lua
044.054  000.393  000.085: sourcing nvim_exec2() called at /home/ronin/.config/nvim/init.lua:0
044.093  000.005  000.005: sourcing nvim_exec2() called at /home/ronin/.config/nvim/init.lua:0
044.110  000.003  000.003: sourcing nvim_exec2() called at /home/ronin/.config/nvim/init.lua:0
044.705  000.005  000.005: sourcing nvim_exec2() called at /home/ronin/.config/nvim/init.lua:0
044.720  000.003  000.003: sourcing nvim_exec2() called at /home/ronin/.config/nvim/init.lua:0
045.075  000.299  000.299: require('cmp_nvim_lsp.source')
045.081  000.965  000.658: require('cmp_nvim_lsp')
045.174  000.039  000.039: require('mason-lspconfig.settings')
045.179  000.094  000.055: require('mason-lspconfig')
045.253  000.062  000.062: require('mason-core.async')
045.352  000.049  000.049: require('mason-core.async.control')
045.405  000.050  000.050: require('mason-core.result')
045.563  000.042  000.042: require('mason-core.async.uv')
045.570  000.161  000.119: require('mason-core.fs')
045.593  000.337  000.077: require('mason-registry.installer')
045.774  000.046  000.046: require('mason-core.optional')
046.037  000.164  000.164: require('mason-core.process')
046.107  000.066  000.066: require('mason-core.spawn')
046.113  000.284  000.054: require('mason-core.installer.managers.powershell')
046.155  000.040  000.040: require('mason.version')
046.159  000.382  000.057: require('mason-core.fetch')
046.202  000.040  000.040: require('mason-core.providers')
046.478  000.123  000.123: require('mason-core.purl')
046.487  000.187  000.064: require('mason-core.package.AbstractPackage')
046.869  000.093  000.093: require('mason-core.installer.compiler.expr')
046.881  000.233  000.139: require('mason-core.installer.compiler.link')
047.331  000.052  000.052: require('mason-core.installer.context.InstallContextCwd')
047.407  000.071  000.071: require('mason-core.installer.context.InstallContextFs')
047.458  000.049  000.049: require('mason-core.installer.context.InstallContextSpawn')
047.549  000.087  000.087: require('mason-core.receipt')
047.572  000.401  000.143: require('mason-core.installer.context')
047.575  000.481  000.080: require('mason-core.installer')
047.596  000.590  000.108: require('mason-core.installer.managers.std')
047.601  000.718  000.128: require('mason-core.installer.compiler.schemas')
047.692  000.089  000.089: require('mason-core.installer.compiler.util')
047.714  001.161  000.122: require('mason-core.installer.compiler')
047.824  000.101  000.101: require('mason-core.installer.linker')
047.834  001.345  000.083: require('mason-core.installer.InstallRunner')
047.941  000.104  000.104: require('mason-core.installer.UninstallRunner')
047.972  001.728  000.091: require('mason-core.package')
047.976  001.771  000.044: require('mason-registry.sources.util')
047.993  002.321  000.083: require('mason-registry.sources.github')
054.742  000.076  000.076: require('vim.F')
055.002  000.092  000.092: require('mason-lspconfig.mappings')
055.010  000.255  000.163: require('mason-lspconfig.features.automatic_enable')
066.031  000.055  000.055: require('mason-lspconfig.notify')
066.081  000.252  000.197: require('mason-lspconfig.api.command')
066.697  000.053  000.053: sourcing /home/ronin/.local/share/nvim/lazy/plenary.nvim/plugin/plenary.vim
066.709  000.109  000.056: sourcing nvim_exec2() called at /home/ronin/.config/nvim/init.lua:0
066.722  000.004  000.004: sourcing nvim_exec2() called at /home/ronin/.config/nvim/init.lua:0
066.742  000.003  000.003: sourcing nvim_exec2() called at /home/ronin/.config/nvim/init.lua:0
067.157  000.055  000.055: sourcing /home/ronin/.local/share/nvim/lazy/nvim-web-devicons/plugin/nvim-web-devicons.vim
067.164  000.090  000.034: sourcing nvim_exec2() called at /home/ronin/.config/nvim/init.lua:0
067.174  000.003  000.003: sourcing nvim_exec2() called at /home/ronin/.config/nvim/init.lua:0
067.188  000.002  000.002: sourcing nvim_exec2() called at /home/ronin/.config/nvim/init.lua:0
067.422  000.005  000.005: sourcing nvim_exec2() called at /home/ronin/.config/nvim/init.lua:0
067.436  000.002  000.002: sourcing nvim_exec2() called at /home/ronin/.config/nvim/init.lua:0
067.618  000.127  000.127: sourcing /home/ronin/.local/share/nvim/lazy/neo-tree.nvim/plugin/neo-tree.lua
067.625  000.160  000.033: sourcing nvim_exec2() called at /home/ronin/.config/nvim/init.lua:0
067.638  000.004  000.004: sourcing nvim_exec2() called at /home/ronin/.config/nvim/init.lua:0
067.652  000.002  000.002: sourcing nvim_exec2() called at /home/ronin/.config/nvim/init.lua:0
068.011  000.353  000.353: require('neo-tree')
068.167  000.136  000.136: require('neo-tree.log')
068.849  000.076  000.076: require('nvim-treesitter.utils')
069.826  000.064  000.064: require('vim.treesitter.language')
069.879  000.044  000.044: require('vim.func')
069.957  000.063  000.063: require('vim.func._memoize')
070.026  000.379  000.207: require('vim.treesitter.query')
070.089  000.060  000.060: require('vim.treesitter._range')
070.109  000.593  000.154: require('vim.treesitter.languagetree')
070.116  000.748  000.154: require('vim.treesitter')
071.098  002.243  001.495: require('nvim-treesitter.parsers')
071.648  000.099  000.099: require('nvim-treesitter.compat')
071.907  000.166  000.166: require('nvim-treesitter.ts_utils')
071.957  000.304  000.137: require('nvim-treesitter.tsrange')
072.058  000.090  000.090: require('nvim-treesitter.caching')
072.105  000.694  000.202: require('nvim-treesitter.query')
072.164  000.916  000.222: require('nvim-treesitter.configs')
072.175  001.070  000.154: require('nvim-treesitter.info')
072.330  000.152  000.152: require('nvim-treesitter.shell_command_selectors')
072.415  003.778  000.236: require('nvim-treesitter.install')
072.509  000.090  000.090: require('nvim-treesitter.statusline')
072.615  000.103  000.103: require('nvim-treesitter.query_predicates')
072.621  004.217  000.247: require('nvim-treesitter')
072.819  000.188  000.188: require('vim.iter')
073.718  005.361  000.957: sourcing /home/ronin/.local/share/nvim/lazy/nvim-treesitter/plugin/nvim-treesitter.lua
073.733  005.407  000.045: sourcing nvim_exec2() called at /home/ronin/.config/nvim/init.lua:0
073.752  000.005  000.005: sourcing nvim_exec2() called at /home/ronin/.config/nvim/init.lua:0
073.780  000.003  000.003: sourcing nvim_exec2() called at /home/ronin/.config/nvim/init.lua:0
076.227  000.144  000.144: require('nvim-treesitter.locals')
076.239  000.271  000.127: require('nvim-treesitter.incremental_selection')
076.356  000.074  000.074: require('nvim-treesitter.highlight')
080.243  003.382  003.382: require('vim.filetype')
081.390  000.176  000.176: require('luasnip.util.types')
081.411  000.509  000.334: require('luasnip.util.ext_opts')
082.026  000.262  000.262: require('luasnip.util.lazy_table')
082.196  000.166  000.166: require('luasnip.extras.filetype_functions')
082.274  000.715  000.286: require('luasnip.default_config')
082.278  000.864  000.150: require('luasnip.session')
082.289  001.723  000.349: require('luasnip.config')
083.198  000.043  000.043: require('luasnip.util.vimversion')
083.208  000.559  000.515: require('luasnip.util.util')
083.331  000.061  000.061: require('luasnip.nodes.key_indexer')
083.383  000.048  000.048: require('luasnip.util.feedkeys')
083.392  000.182  000.072: require('luasnip.nodes.util')
083.497  000.045  000.045: require('luasnip.session.snippet_collection.source')
083.542  000.042  000.042: require('luasnip.util.table')
083.589  000.044  000.044: require('luasnip.util.auto_table')
083.600  000.206  000.075: require('luasnip.session.snippet_collection')
083.752  000.050  000.050: require('luasnip.util.select')
083.795  000.040  000.040: require('luasnip.util.time')
084.280  000.630  000.540: require('luasnip.util._builtin_vars')
084.316  000.713  000.083: require('luasnip.util.environ')
084.367  000.049  000.049: require('luasnip.util.extend_decorator')
084.500  000.077  000.077: require('luasnip.util.path')
084.632  000.071  000.071: require('luasnip.util.log')
084.639  000.135  000.064: require('luasnip.loaders.util')
084.721  000.047  000.047: require('luasnip.loaders.data')
084.818  000.094  000.094: require('luasnip.loaders.fs_watchers')
084.824  000.454  000.101: require('luasnip.loaders')
084.846  002.550  000.388: require('luasnip')
084.943  008.190  000.535: sourcing /home/ronin/.local/share/nvim/lazy/LuaSnip/plugin/luasnip.lua
084.954  008.236  000.046: sourcing nvim_exec2() called at /home/ronin/.config/nvim/init.lua:0
085.037  000.035  000.035: sourcing /home/ronin/.local/share/nvim/lazy/LuaSnip/plugin/luasnip.vim
085.042  000.076  000.041: sourcing nvim_exec2() called at /home/ronin/.config/nvim/init.lua:0
085.052  000.004  000.004: sourcing nvim_exec2() called at /home/ronin/.config/nvim/init.lua:0
085.067  000.002  000.002: sourcing nvim_exec2() called at /home/ronin/.config/nvim/init.lua:0
085.232  000.054  000.054: require('cmp.utils.api')
085.316  000.039  000.039: require('cmp.types.cmp')
085.416  000.047  000.047: require('cmp.utils.misc')
085.476  000.156  000.109: require('cmp.types.lsp')
085.518  000.040  000.040: require('cmp.types.vim')
085.522  000.286  000.051: require('cmp.types')
085.563  000.039  000.039: require('cmp.utils.highlight')
085.641  000.035  000.035: require('cmp.utils.debug')
085.649  000.084  000.048: require('cmp.utils.autocmd')
085.993  000.014  000.014: sourcing nvim_exec2() called at /home/ronin/.local/share/nvim/lazy/nvim-cmp/plugin/cmp.lua:0
085.997  000.867  000.391: sourcing /home/ronin/.local/share/nvim/lazy/nvim-cmp/plugin/cmp.lua
086.002  000.896  000.029: sourcing nvim_exec2() called at /home/ronin/.config/nvim/init.lua:0
086.010  000.003  000.003: sourcing nvim_exec2() called at /home/ronin/.config/nvim/init.lua:0
086.025  000.002  000.002: sourcing nvim_exec2() called at /home/ronin/.config/nvim/init.lua:0
086.863  000.059  000.059: require('cmp.utils.char')
086.871  000.108  000.050: require('cmp.utils.str')
087.031  000.038  000.038: require('cmp.utils.buffer')
087.044  000.131  000.093: require('cmp.utils.keymap')
087.048  000.174  000.043: require('cmp.utils.feedkeys')
087.185  000.045  000.045: require('cmp.config.mapping')
087.225  000.037  000.037: require('cmp.utils.cache')
087.317  000.044  000.044: require('cmp.config.compare')
087.321  000.092  000.047: require('cmp.config.default')
087.338  000.240  000.066: require('cmp.config')
087.349  000.299  000.060: require('cmp.utils.async')
087.427  000.035  000.035: require('cmp.utils.pattern')
087.432  000.081  000.047: require('cmp.context')
087.636  000.089  000.089: require('cmp.utils.snippet')
087.690  000.043  000.043: require('cmp.matcher')
087.697  000.214  000.081: require('cmp.entry')
087.703  000.269  000.055: require('cmp.source')
087.799  000.036  000.036: require('cmp.utils.event')
087.928  000.041  000.041: require('cmp.utils.options')
087.934  000.091  000.051: require('cmp.utils.window')
087.937  000.135  000.044: require('cmp.view.docs_view')
088.003  000.064  000.064: require('cmp.view.custom_entries_view')
088.087  000.081  000.081: require('cmp.view.wildmenu_entries_view')
088.152  000.062  000.062: require('cmp.view.native_entries_view')
088.234  000.079  000.079: require('cmp.view.ghost_text_view')
088.243  000.539  000.082: require('cmp.view')
089.315  002.622  001.151: require('cmp.core')
089.484  000.061  000.061: require('cmp.config.sources')
089.536  000.047  000.047: require('cmp.config.window')
089.595  003.564  000.834: require('cmp')
089.739  000.048  000.048: require('luasnip.session.enqueueable_operations')
090.082  000.066  000.066: require('luasnip.util.events')
090.096  000.157  000.091: require('luasnip.nodes.node')
090.238  000.141  000.141: require('luasnip.nodes.insertNode')
090.306  000.064  000.064: require('luasnip.nodes.textNode')
090.379  000.068  000.068: require('luasnip.util.mark')
090.433  000.051  000.051: require('luasnip.util.pattern_tokenizer')
090.487  000.051  000.051: require('luasnip.util.dict')
090.890  000.350  000.350: require('luasnip.util.jsregexp')
090.895  000.404  000.054: require('luasnip.nodes.util.trig_engines')
090.998  001.195  000.259: require('luasnip.nodes.snippet')
091.193  000.059  000.059: require('luasnip.util.parser.neovim_ast')
091.254  000.058  000.058: require('luasnip.util.str')
091.532  000.273  000.273: require('luasnip.util.jsregexp')
091.603  000.067  000.067: require('luasnip.util.directed_graph')
091.609  000.541  000.084: require('luasnip.util.parser.ast_utils')
091.694  000.083  000.083: require('luasnip.nodes.functionNode')
091.795  000.098  000.098: require('luasnip.nodes.choiceNode')
091.912  000.113  000.113: require('luasnip.nodes.dynamicNode')
091.995  000.079  000.079: require('luasnip.util.functions')
092.002  001.000  000.085: require('luasnip.util.parser.ast_parser')
092.116  000.112  000.112: require('luasnip.util.parser.neovim_parser')
092.122  002.380  000.073: require('luasnip.util.parser')
092.188  000.064  000.064: require('luasnip.nodes.snippetProxy')
092.321  000.125  000.125: require('luasnip.util.jsonc')
092.431  000.050  000.050: require('luasnip.nodes.duplicate')
092.435  000.110  000.060: require('luasnip.loaders.snippet_cache')
092.445  002.847  000.120: require('luasnip.loaders.from_vscode')
092.728  000.074  000.074: require('vim.version')
099.085  000.183  000.183: require('luasnip.nodes.multiSnippet')
100.284  000.093  000.093: require('luasnip.loaders.from_lua')
110.779  000.082  000.082: require('Comment.config')
111.153  000.220  000.220: require('Comment.ft')
111.166  000.378  000.158: require('Comment.utils')
111.250  000.081  000.081: require('Comment.opfunc')
111.345  000.091  000.091: require('Comment.extra')
111.352  000.979  000.346: require('Comment.api')
111.510  001.254  000.276: sourcing /home/ronin/.local/share/nvim/lazy/Comment.nvim/plugin/Comment.lua
111.519  001.306  000.051: sourcing nvim_exec2() called at /home/ronin/.config/nvim/init.lua:0
111.534  000.006  000.006: sourcing nvim_exec2() called at /home/ronin/.config/nvim/init.lua:0
111.551  000.003  000.003: sourcing nvim_exec2() called at /home/ronin/.config/nvim/init.lua:0
111.643  000.084  000.084: require('Comment')
112.118  000.005  000.005: sourcing nvim_exec2() called at /home/ronin/.config/nvim/init.lua:0
112.135  000.003  000.003: sourcing nvim_exec2() called at /home/ronin/.config/nvim/init.lua:0
112.382  000.004  000.004: sourcing nvim_exec2() called at /home/ronin/.config/nvim/init.lua:0
112.397  000.003  000.003: sourcing nvim_exec2() called at /home/ronin/.config/nvim/init.lua:0
113.141  000.069  000.069: require('notify.util.queue')
113.150  000.197  000.128: require('notify.util')
113.278  000.052  000.052: sourcing nvim_exec2() called at /home/ronin/.config/nvim/init.lua:0
113.303  000.018  000.018: sourcing nvim_exec2() called at /home/ronin/.config/nvim/init.lua:0
113.307  000.155  000.084: require('notify.config.highlights')
113.314  000.488  000.137: require('notify.config')
113.489  000.082  000.082: require('notify.stages')
113.591  000.098  000.098: require('notify.service.notification')
113.856  000.065  000.065: require('notify.animate.spring')
113.861  000.159  000.094: require('notify.animate')
113.867  000.272  000.113: require('notify.windows')
114.160  000.112  000.112: require('notify.service.buffer.highlights')
114.172  000.214  000.102: require('notify.service.buffer')
114.175  000.306  000.093: require('notify.service')
114.278  000.101  000.101: require('notify.stages.util')
114.284  000.967  000.107: require('notify.instance')
114.292  001.823  000.367: require('notify')
114.459  000.092  000.092: require('notify.stages.fade_in_slide_out')
114.504  000.014  000.014: sourcing nvim_exec2() called at /home/ronin/.config/nvim/init.lua:0
114.514  000.005  000.005: sourcing nvim_exec2() called at /home/ronin/.config/nvim/init.lua:0
114.917  000.324  000.324: sourcing /home/ronin/.local/share/nvim/lazy/telescope.nvim/plugin/telescope.lua
114.937  000.378  000.054: sourcing nvim_exec2() called at /home/ronin/.config/nvim/init.lua:0
114.948  000.004  000.004: sourcing nvim_exec2() called at /home/ronin/.config/nvim/init.lua:0
114.965  000.003  000.003: sourcing nvim_exec2() called at /home/ronin/.config/nvim/init.lua:0
115.177  000.103  000.103: require('telescope._extensions')
115.215  000.236  000.133: require('telescope')
117.358  000.588  000.588: require('plenary.bit')
117.651  000.284  000.284: require('plenary.functional')
117.739  001.573  000.701: require('plenary.path')
117.766  001.798  000.225: require('plenary.strings')
118.018  000.250  000.250: require('telescope.deprecated')
119.239  000.507  000.507: require('plenary.log')
119.357  001.060  000.553: require('telescope.log')
121.117  000.463  000.463: require('plenary.compat')
121.162  001.351  000.887: require('plenary.job')
121.379  000.214  000.214: require('telescope.state')
121.468  002.106  000.542: require('telescope.utils')
121.499  003.477  000.310: require('telescope.sorters')
124.017  008.470  002.946: require('telescope.config')
124.223  000.062  000.062: require('plenary.window.border')
124.275  000.049  000.049: require('plenary.window')
124.321  000.042  000.042: require('plenary.popup.utils')
124.327  000.298  000.144: require('plenary.popup')
124.397  000.068  000.068: require('telescope.pickers.scroller')
124.462  000.062  000.062: require('telescope.actions.state')
124.528  000.062  000.062: require('telescope.actions.utils')
124.737  000.093  000.093: require('telescope.actions.mt')
124.775  000.245  000.152: require('telescope.actions.set')
125.002  000.136  000.136: require('telescope.config.resolve')
125.007  000.229  000.093: require('telescope.pickers.entry_display')
125.101  000.092  000.092: require('telescope.from_entry')
125.407  010.186  000.660: require('telescope.actions')
127.044  000.181  000.181: require('fzf_lib')
127.053  000.296  000.115: require('telescope._extensions.fzf')
127.505  000.042  000.042: require('plenary.tbl')
127.511  000.088  000.046: require('plenary.vararg.rotate')
127.513  000.133  000.045: require('plenary.vararg')
127.554  000.039  000.039: require('plenary.errors')
127.560  000.227  000.055: require('plenary.async.async')
127.729  000.041  000.041: require('plenary.async.structs')
127.737  000.092  000.051: require('plenary.async.control')
127.743  000.140  000.048: require('plenary.async.util')
127.745  000.183  000.043: require('plenary.async.tests')
127.748  000.468  000.057: require('plenary.async')
127.814  000.063  000.063: require('telescope.debounce')
127.998  000.180  000.180: require('telescope.mappings')
128.075  000.073  000.073: require('telescope.pickers.highlights')
128.135  000.056  000.056: require('telescope.pickers.window')
128.193  000.055  000.055: require('telescope.pickers.layout')
128.313  000.057  000.057: require('telescope.algos.linked_list')
128.318  000.122  000.066: require('telescope.entry_manager')
128.374  000.054  000.054: require('telescope.pickers.multi')
128.391  001.268  000.199: require('telescope.pickers')
128.607  000.151  000.151: require('telescope.make_entry')
128.674  000.064  000.064: require('telescope.finders.async_static_finder')
128.836  000.041  000.041: require('plenary.class')
128.900  000.167  000.126: require('telescope._')
128.904  000.226  000.060: require('telescope.finders.async_oneshot_finder')
128.990  000.085  000.085: require('telescope.finders.async_job_finder')
128.997  000.604  000.078: require('telescope.finders')
129.115  000.055  000.055: require('telescope.previewers.previewer')
129.266  000.076  000.076: require('telescope.previewers.utils')
129.324  000.206  000.130: require('telescope.previewers.term_previewer')
129.736  000.262  000.262: require('plenary.scandir')
129.785  000.459  000.196: require('telescope.previewers.buffer_previewer')
129.791  000.791  000.071: require('telescope.previewers')
129.799  002.739  000.076: require('telescope._extensions.notify')
129.852  000.049  000.049: require('custom.telescope-multigrep')
130.113  000.050  000.050: sourcing /home/ronin/.local/share/nvim/lazy/conform.nvim/plugin/conform.lua
130.121  000.098  000.048: sourcing nvim_exec2() called at /home/ronin/.config/nvim/init.lua:0
130.148  000.005  000.005: sourcing nvim_exec2() called at /home/ronin/.config/nvim/init.lua:0
130.164  000.003  000.003: sourcing nvim_exec2() called at /home/ronin/.config/nvim/init.lua:0
130.612  000.339  000.339: require('conform')
130.700  000.005  000.005: sourcing nvim_exec2() called at /home/ronin/.config/nvim/init.lua:0
130.714  000.003  000.003: sourcing nvim_exec2() called at /home/ronin/.config/nvim/init.lua:0
131.195  000.057  000.057: require('lualine_require')
131.490  000.680  000.623: require('lualine')
132.239  000.018  000.018: sourcing nvim_exec2() called at /home/ronin/.config/nvim/init.lua:0
132.951  000.077  000.077: require('catppuccin.utils.lualine')
133.013  000.058  000.058: require('catppuccin.palettes')
133.066  000.048  000.048: require('catppuccin.palettes.mocha')
133.490  000.015  000.015: sourcing nvim_exec2() called at /home/ronin/.config/nvim/init.lua:0
133.512  000.006  000.006: sourcing nvim_exec2() called at /home/ronin/.config/nvim/init.lua:0
133.670  000.007  000.007: sourcing nvim_exec2() called at /home/ronin/.config/nvim/init.lua:0
133.688  000.005  000.005: sourcing nvim_exec2() called at /home/ronin/.config/nvim/init.lua:0
133.700  000.004  000.004: sourcing nvim_exec2() called at /home/ronin/.config/nvim/init.lua:0
133.713  000.004  000.004: sourcing nvim_exec2() called at /home/ronin/.config/nvim/init.lua:0
133.728  000.005  000.005: sourcing nvim_exec2() called at /home/ronin/.config/nvim/init.lua:0
133.738  000.004  000.004: sourcing nvim_exec2() called at /home/ronin/.config/nvim/init.lua:0
133.791  000.006  000.006: sourcing nvim_exec2() called at /home/ronin/.config/nvim/init.lua:0
133.804  000.004  000.004: sourcing nvim_exec2() called at /home/ronin/.config/nvim/init.lua:0
133.816  000.004  000.004: sourcing nvim_exec2() called at /home/ronin/.config/nvim/init.lua:0
133.826  000.004  000.004: sourcing nvim_exec2() called at /home/ronin/.config/nvim/init.lua:0
133.838  000.005  000.005: sourcing nvim_exec2() called at /home/ronin/.config/nvim/init.lua:0
133.847  000.004  000.004: sourcing nvim_exec2() called at /home/ronin/.config/nvim/init.lua:0
133.859  000.004  000.004: sourcing nvim_exec2() called at /home/ronin/.config/nvim/init.lua:0
133.870  000.004  000.004: sourcing nvim_exec2() called at /home/ronin/.config/nvim/init.lua:0
133.880  000.004  000.004: sourcing nvim_exec2() called at /home/ronin/.config/nvim/init.lua:0
133.903  000.019  000.019: sourcing nvim_exec2() called at /home/ronin/.config/nvim/init.lua:0
135.364  000.013  000.013: sourcing nvim_exec2() called at /home/ronin/.config/nvim/init.lua:0
135.379  000.007  000.007: sourcing nvim_exec2() called at /home/ronin/.config/nvim/init.lua:0
135.538  000.008  000.008: sourcing nvim_exec2() called at /home/ronin/.config/nvim/init.lua:0
135.554  000.005  000.005: sourcing nvim_exec2() called at /home/ronin/.config/nvim/init.lua:0
135.567  000.005  000.005: sourcing nvim_exec2() called at /home/ronin/.config/nvim/init.lua:0
135.581  000.005  000.005: sourcing nvim_exec2() called at /home/ronin/.config/nvim/init.lua:0
135.592  000.004  000.004: sourcing nvim_exec2() called at /home/ronin/.config/nvim/init.lua:0
135.604  000.004  000.004: sourcing nvim_exec2() called at /home/ronin/.config/nvim/init.lua:0
135.617  000.005  000.005: sourcing nvim_exec2() called at /home/ronin/.config/nvim/init.lua:0
135.632  000.004  000.004: sourcing nvim_exec2() called at /home/ronin/.config/nvim/init.lua:0
135.644  000.004  000.004: sourcing nvim_exec2() called at /home/ronin/.config/nvim/init.lua:0
135.659  000.008  000.008: sourcing nvim_exec2() called at /home/ronin/.config/nvim/init.lua:0
135.671  000.004  000.004: sourcing nvim_exec2() called at /home/ronin/.config/nvim/init.lua:0
135.683  000.004  000.004: sourcing nvim_exec2() called at /home/ronin/.config/nvim/init.lua:0
135.694  000.004  000.004: sourcing nvim_exec2() called at /home/ronin/.config/nvim/init.lua:0
135.706  000.004  000.004: sourcing nvim_exec2() called at /home/ronin/.config/nvim/init.lua:0
135.721  000.004  000.004: sourcing nvim_exec2() called at /home/ronin/.config/nvim/init.lua:0
135.733  000.004  000.004: sourcing nvim_exec2() called at /home/ronin/.config/nvim/init.lua:0
135.781  000.005  000.005: sourcing nvim_exec2() called at /home/ronin/.config/nvim/init.lua:0
135.829  000.006  000.006: sourcing nvim_exec2() called at /home/ronin/.config/nvim/init.lua:0
135.888  000.006  000.006: sourcing nvim_exec2() called at /home/ronin/.config/nvim/init.lua:0
135.901  000.004  000.004: sourcing nvim_exec2() called at /home/ronin/.config/nvim/init.lua:0
135.914  000.005  000.005: sourcing nvim_exec2() called at /home/ronin/.config/nvim/init.lua:0
136.078  000.011  000.011: sourcing nvim_exec2() called at /home/ronin/.config/nvim/init.lua:0
136.091  000.004  000.004: sourcing nvim_exec2() called at /home/ronin/.config/nvim/init.lua:0
136.099  000.004  000.004: sourcing nvim_exec2() called at /home/ronin/.config/nvim/init.lua:0
136.109  000.006  000.006: sourcing nvim_exec2() called at /home/ronin/.config/nvim/init.lua:0
136.477  000.008  000.008: sourcing nvim_exec2() called at /home/ronin/.config/nvim/init.lua:0
136.498  000.011  000.011: sourcing nvim_exec2() called at /home/ronin/.config/nvim/init.lua:0
136.509  000.004  000.004: sourcing nvim_exec2() called at /home/ronin/.config/nvim/init.lua:0
136.547  000.005  000.005: sourcing nvim_exec2() called at /home/ronin/.config/nvim/init.lua:0
136.566  000.004  000.004: sourcing nvim_exec2() called at /home/ronin/.config/nvim/init.lua:0
136.577  000.004  000.004: sourcing nvim_exec2() called at /home/ronin/.config/nvim/init.lua:0
136.589  000.005  000.005: sourcing nvim_exec2() called at /home/ronin/.config/nvim/init.lua:0
136.604  000.004  000.004: sourcing nvim_exec2() called at /home/ronin/.config/nvim/init.lua:0
136.615  000.004  000.004: sourcing nvim_exec2() called at /home/ronin/.config/nvim/init.lua:0
136.627  000.004  000.004: sourcing nvim_exec2() called at /home/ronin/.config/nvim/init.lua:0
136.637  000.004  000.004: sourcing nvim_exec2() called at /home/ronin/.config/nvim/init.lua:0
136.649  000.004  000.004: sourcing nvim_exec2() called at /home/ronin/.config/nvim/init.lua:0
136.659  000.004  000.004: sourcing nvim_exec2() called at /home/ronin/.config/nvim/init.lua:0
136.672  000.005  000.005: sourcing nvim_exec2() called at /home/ronin/.config/nvim/init.lua:0
136.686  000.005  000.005: sourcing nvim_exec2() called at /home/ronin/.config/nvim/init.lua:0
136.697  000.004  000.004: sourcing nvim_exec2() called at /home/ronin/.config/nvim/init.lua:0
136.879  000.175  000.175: sourcing nvim_exec2() called at /home/ronin/.config/nvim/init.lua:0
136.895  000.004  000.004: sourcing nvim_exec2() called at /home/ronin/.config/nvim/init.lua:0
136.906  000.004  000.004: sourcing nvim_exec2() called at /home/ronin/.config/nvim/init.lua:0
136.993  000.006  000.006: sourcing nvim_exec2() called at /home/ronin/.config/nvim/init.lua:0
137.008  000.005  000.005: sourcing nvim_exec2() called at /home/ronin/.config/nvim/init.lua:0
137.022  000.004  000.004: sourcing nvim_exec2() called at /home/ronin/.config/nvim/init.lua:0
137.033  000.004  000.004: sourcing nvim_exec2() called at /home/ronin/.config/nvim/init.lua:0
137.044  000.004  000.004: sourcing nvim_exec2() called at /home/ronin/.config/nvim/init.lua:0
137.055  000.004  000.004: sourcing nvim_exec2() called at /home/ronin/.config/nvim/init.lua:0
137.065  000.004  000.004: sourcing nvim_exec2() called at /home/ronin/.config/nvim/init.lua:0
137.076  000.004  000.004: sourcing nvim_exec2() called at /home/ronin/.config/nvim/init.lua:0
137.159  000.007  000.007: sourcing nvim_exec2() called at /home/ronin/.config/nvim/init.lua:0
137.308  000.066  000.066: require('lualine.utils.mode')
137.395  000.017  000.017: sourcing nvim_exec2() called at /home/ronin/.config/nvim/init.lua:0
137.434  000.009  000.009: sourcing nvim_exec2() called at /home/ronin/.config/nvim/init.lua:0
137.460  000.020  000.020: sourcing nvim_exec2() called at /home/ronin/.config/nvim/init.lua:0
137.475  000.009  000.009: sourcing nvim_exec2() called at /home/ronin/.config/nvim/init.lua:0
137.487  000.006  000.006: sourcing nvim_exec2() called at /home/ronin/.config/nvim/init.lua:0
137.695  000.051  000.051: sourcing /home/ronin/.local/share/nvim/lazy/which-key.nvim/plugin/which-key.lua
137.702  000.095  000.044: sourcing nvim_exec2() called at /home/ronin/.config/nvim/init.lua:0
137.712  000.004  000.004: sourcing nvim_exec2() called at /home/ronin/.config/nvim/init.lua:0
137.727  000.002  000.002: sourcing nvim_exec2() called at /home/ronin/.config/nvim/init.lua:0
138.044  000.311  000.311: require('which-key')
138.134  000.085  000.085: require('which-key.config')
138.464  000.005  000.005: sourcing nvim_exec2() called at /home/ronin/.config/nvim/init.lua:0
138.478  000.002  000.002: sourcing nvim_exec2() called at /home/ronin/.config/nvim/init.lua:0
138.875  000.047  000.047: require('toggleterm.lazy')
138.932  000.051  000.051: require('toggleterm.constants')
139.056  000.120  000.120: require('toggleterm.terminal')
139.064  000.581  000.363: require('toggleterm')
139.178  000.047  000.047: require('toggleterm.colors')
139.237  000.056  000.056: require('toggleterm.utils')
139.248  000.181  000.079: require('toggleterm.config')
140.873  000.145  000.145: require('toggleterm.commandline')
141.123  002.874  001.959: require('toggleterm.terminal')
141.402  000.068  000.068: sourcing /home/ronin/.local/share/nvim/lazy/vimtex/plugin/vimtex.vim
141.410  000.121  000.052: sourcing nvim_exec2() called at /home/ronin/.config/nvim/init.lua:0
141.423  000.005  000.005: sourcing nvim_exec2() called at /home/ronin/.config/nvim/init.lua:0
141.510  000.028  000.028: sourcing /home/ronin/.local/share/nvim/lazy/vimtex/ftdetect/cls.vim
141.516  000.059  000.032: sourcing nvim_exec2() called at /home/ronin/.config/nvim/init.lua:0
141.614  000.024  000.024: sourcing /home/ronin/.local/share/nvim/lazy/vimtex/ftdetect/tex.vim
141.620  000.056  000.033: sourcing nvim_exec2() called at /home/ronin/.config/nvim/init.lua:0
141.695  000.023  000.023: sourcing /home/ronin/.local/share/nvim/lazy/vimtex/ftdetect/tikz.vim
141.701  000.053  000.030: sourcing nvim_exec2() called at /home/ronin/.config/nvim/init.lua:0
141.710  000.003  000.003: sourcing nvim_exec2() called at /home/ronin/.config/nvim/init.lua:0
142.069  000.007  000.007: sourcing nvim_exec2() called at /home/ronin/.config/nvim/init.lua:0
142.086  000.003  000.003: sourcing nvim_exec2() called at /home/ronin/.config/nvim/init.lua:0
142.737  000.051  000.051: require('smear_cursor.config')
142.781  000.039  000.039: require('smear_cursor.math')
142.827  000.198  000.108: require('smear_cursor.color')
143.057  000.093  000.093: require('smear_cursor.draw')
143.105  000.044  000.044: require('smear_cursor.screen')
143.124  000.241  000.104: require('smear_cursor.animation')
143.129  000.299  000.058: require('smear_cursor.events')
143.132  000.908  000.411: require('smear_cursor')
143.310  000.006  000.006: sourcing nvim_exec2() called at /home/ronin/.config/nvim/init.lua:0
143.325  000.003  000.003: sourcing nvim_exec2() called at /home/ronin/.config/nvim/init.lua:0
143.698  000.041  000.041: require('bufferline.lazy')
143.766  000.061  000.061: require('bufferline.commands')
143.954  000.148  000.148: require('bufferline.config')
143.960  000.629  000.379: require('bufferline')
144.186  000.074  000.074: require('bufferline.utils')
144.190  000.175  000.101: require('bufferline.groups')
144.256  000.048  000.048: require('bufferline.constants')
144.304  000.043  000.043: require('bufferline.colors')
144.593  000.069  000.069: require('bufferline.highlights')
146.572  001.173  001.173: require('bufferline.hover')
146.859  000.144  000.144: require('bufferline.ui')
147.132  000.260  000.260: require('vim.diagnostic')
147.403  000.098  000.098: sourcing /usr/share/nvim/runtime/plugin/editorconfig.lua
147.412  000.138  000.040: sourcing nvim_exec2() called at /home/ronin/.config/nvim/init.lua:0
149.807  002.366  002.366: sourcing /usr/share/nvim/runtime/plugin/fzf.vim
149.821  002.401  000.035: sourcing nvim_exec2() called at /home/ronin/.config/nvim/init.lua:0
150.130  000.250  000.250: sourcing /usr/share/nvim/runtime/plugin/gzip.vim
150.136  000.287  000.037: sourcing nvim_exec2() called at /home/ronin/.config/nvim/init.lua:0
150.330  000.131  000.131: sourcing /usr/share/nvim/runtime/plugin/man.lua
150.337  000.160  000.029: sourcing nvim_exec2() called at /home/ronin/.config/nvim/init.lua:0
151.114  000.252  000.252: sourcing /usr/share/nvim/runtime/pack/dist/opt/matchit/plugin/matchit.vim
151.139  000.738  000.487: sourcing /usr/share/nvim/runtime/plugin/matchit.vim
151.144  000.768  000.029: sourcing nvim_exec2() called at /home/ronin/.config/nvim/init.lua:0
151.341  000.165  000.165: sourcing /usr/share/nvim/runtime/plugin/matchparen.vim
151.347  000.192  000.026: sourcing nvim_exec2() called at /home/ronin/.config/nvim/init.lua:0
152.196  000.354  000.354: sourcing /usr/share/nvim/runtime/pack/dist/opt/netrw/plugin/netrwPlugin.vim
152.221  000.828  000.474: sourcing /usr/share/nvim/runtime/plugin/netrwPlugin.vim
152.226  000.856  000.028: sourcing nvim_exec2() called at /home/ronin/.config/nvim/init.lua:0
152.345  000.074  000.074: sourcing /usr/share/nvim/runtime/plugin/osc52.lua
152.352  000.110  000.036: sourcing nvim_exec2() called at /home/ronin/.config/nvim/init.lua:0
152.556  000.170  000.170: sourcing /usr/share/nvim/runtime/plugin/rplugin.vim
152.562  000.202  000.032: sourcing nvim_exec2() called at /home/ronin/.config/nvim/init.lua:0
152.669  000.069  000.069: sourcing /usr/share/nvim/runtime/plugin/shada.vim
152.674  000.103  000.035: sourcing nvim_exec2() called at /home/ronin/.config/nvim/init.lua:0
152.742  000.023  000.023: sourcing /usr/share/nvim/runtime/plugin/spellfile.vim
152.747  000.060  000.037: sourcing nvim_exec2() called at /home/ronin/.config/nvim/init.lua:0
152.904  000.122  000.122: sourcing /usr/share/nvim/runtime/plugin/tarPlugin.vim
152.910  000.155  000.033: sourcing nvim_exec2() called at /home/ronin/.config/nvim/init.lua:0
153.019  000.059  000.059: sourcing /usr/share/nvim/runtime/plugin/tohtml.lua
153.025  000.098  000.038: sourcing nvim_exec2() called at /home/ronin/.config/nvim/init.lua:0
153.086  000.024  000.024: sourcing /usr/share/nvim/runtime/plugin/tutor.vim
153.091  000.059  000.034: sourcing nvim_exec2() called at /home/ronin/.config/nvim/init.lua:0
153.290  000.163  000.163: sourcing /usr/share/nvim/runtime/plugin/zipPlugin.vim
153.295  000.196  000.034: sourcing nvim_exec2() called at /home/ronin/.config/nvim/init.lua:0
153.647  000.094  000.094: sourcing /home/ronin/.local/share/nvim/lazy/cmp-nvim-lsp/after/plugin/cmp_nvim_lsp.lua
153.654  000.146  000.052: sourcing nvim_exec2() called at /home/ronin/.config/nvim/init.lua:0
153.735  144.464  066.870: require('config.lazy')
153.895  000.156  000.156: require('config.keymaps')
153.999  000.100  000.100: require('config.autocmds')
154.003  145.139  000.090: sourcing /home/ronin/.config/nvim/init.lua
154.013  000.701: sourcing vimrc file(s)
154.538  000.059  000.059: sourcing /usr/share/nvim/runtime/filetype.lua
154.865  000.082  000.082: sourcing /usr/share/nvim/runtime/syntax/synload.vim
154.981  000.352  000.271: sourcing /usr/share/nvim/runtime/syntax/syntax.vim
155.009  000.584: inits 3
156.912  001.904: reading ShaDa
161.187  003.515  003.515: require('vim.filetype.detect')
161.678  000.085  000.085: require('bufferline.state')
163.355  000.208  000.208: require('luasnip.loaders.from_snipmate')
163.404  002.684: reading stdin
163.413  000.009: opening buffers
163.516  000.104: BufEnter autocommands
163.521  000.004: editing files in windows
163.529  000.008: --- NVIM STARTED ---

